Created by PLY version 3.11 (http://www.dabeaz.com/ply)

Unused terminals:

    ASSERT
    ELSE
    EQ
    FOR
    GE
    GT
    IF
    LBRACE
    LE
    LPAREN
    LT
    NE
    RBRACE
    RPAREN
    WHILE

Grammar

Rule 0     S' -> statement
Rule 1     statement -> IDENTIFIER ASSIGN expression SEMICOLON
Rule 2     expression -> expression PLUS expression
Rule 3     expression -> expression MINUS expression
Rule 4     expression -> expression TIMES expression
Rule 5     expression -> expression DIVIDE expression
Rule 6     expression -> NUMBER
Rule 7     expression -> IDENTIFIER

Terminals, with rules where they appear

ASSERT               : 
ASSIGN               : 1
DIVIDE               : 5
ELSE                 : 
EQ                   : 
FOR                  : 
GE                   : 
GT                   : 
IDENTIFIER           : 1 7
IF                   : 
LBRACE               : 
LE                   : 
LPAREN               : 
LT                   : 
MINUS                : 3
NE                   : 
NUMBER               : 6
PLUS                 : 2
RBRACE               : 
RPAREN               : 
SEMICOLON            : 1
TIMES                : 4
WHILE                : 
error                : 

Nonterminals, with rules where they appear

expression           : 1 2 2 3 3 4 4 5 5
statement            : 0

Parsing method: LALR

state 0

    (0) S' -> . statement
    (1) statement -> . IDENTIFIER ASSIGN expression SEMICOLON

    IDENTIFIER      shift and go to state 2

    statement                      shift and go to state 1

state 1

    (0) S' -> statement .



state 2

    (1) statement -> IDENTIFIER . ASSIGN expression SEMICOLON

    ASSIGN          shift and go to state 3


state 3

    (1) statement -> IDENTIFIER ASSIGN . expression SEMICOLON
    (2) expression -> . expression PLUS expression
    (3) expression -> . expression MINUS expression
    (4) expression -> . expression TIMES expression
    (5) expression -> . expression DIVIDE expression
    (6) expression -> . NUMBER
    (7) expression -> . IDENTIFIER

    NUMBER          shift and go to state 6
    IDENTIFIER      shift and go to state 4

    expression                     shift and go to state 5

state 4

    (7) expression -> IDENTIFIER .

    SEMICOLON       reduce using rule 7 (expression -> IDENTIFIER .)
    PLUS            reduce using rule 7 (expression -> IDENTIFIER .)
    MINUS           reduce using rule 7 (expression -> IDENTIFIER .)
    TIMES           reduce using rule 7 (expression -> IDENTIFIER .)
    DIVIDE          reduce using rule 7 (expression -> IDENTIFIER .)


state 5

    (1) statement -> IDENTIFIER ASSIGN expression . SEMICOLON
    (2) expression -> expression . PLUS expression
    (3) expression -> expression . MINUS expression
    (4) expression -> expression . TIMES expression
    (5) expression -> expression . DIVIDE expression

    SEMICOLON       shift and go to state 7
    PLUS            shift and go to state 8
    MINUS           shift and go to state 9
    TIMES           shift and go to state 10
    DIVIDE          shift and go to state 11


state 6

    (6) expression -> NUMBER .

    SEMICOLON       reduce using rule 6 (expression -> NUMBER .)
    PLUS            reduce using rule 6 (expression -> NUMBER .)
    MINUS           reduce using rule 6 (expression -> NUMBER .)
    TIMES           reduce using rule 6 (expression -> NUMBER .)
    DIVIDE          reduce using rule 6 (expression -> NUMBER .)


state 7

    (1) statement -> IDENTIFIER ASSIGN expression SEMICOLON .

    $end            reduce using rule 1 (statement -> IDENTIFIER ASSIGN expression SEMICOLON .)


state 8

    (2) expression -> expression PLUS . expression
    (2) expression -> . expression PLUS expression
    (3) expression -> . expression MINUS expression
    (4) expression -> . expression TIMES expression
    (5) expression -> . expression DIVIDE expression
    (6) expression -> . NUMBER
    (7) expression -> . IDENTIFIER

    NUMBER          shift and go to state 6
    IDENTIFIER      shift and go to state 4

    expression                     shift and go to state 12

state 9

    (3) expression -> expression MINUS . expression
    (2) expression -> . expression PLUS expression
    (3) expression -> . expression MINUS expression
    (4) expression -> . expression TIMES expression
    (5) expression -> . expression DIVIDE expression
    (6) expression -> . NUMBER
    (7) expression -> . IDENTIFIER

    NUMBER          shift and go to state 6
    IDENTIFIER      shift and go to state 4

    expression                     shift and go to state 13

state 10

    (4) expression -> expression TIMES . expression
    (2) expression -> . expression PLUS expression
    (3) expression -> . expression MINUS expression
    (4) expression -> . expression TIMES expression
    (5) expression -> . expression DIVIDE expression
    (6) expression -> . NUMBER
    (7) expression -> . IDENTIFIER

    NUMBER          shift and go to state 6
    IDENTIFIER      shift and go to state 4

    expression                     shift and go to state 14

state 11

    (5) expression -> expression DIVIDE . expression
    (2) expression -> . expression PLUS expression
    (3) expression -> . expression MINUS expression
    (4) expression -> . expression TIMES expression
    (5) expression -> . expression DIVIDE expression
    (6) expression -> . NUMBER
    (7) expression -> . IDENTIFIER

    NUMBER          shift and go to state 6
    IDENTIFIER      shift and go to state 4

    expression                     shift and go to state 15

state 12

    (2) expression -> expression PLUS expression .
    (2) expression -> expression . PLUS expression
    (3) expression -> expression . MINUS expression
    (4) expression -> expression . TIMES expression
    (5) expression -> expression . DIVIDE expression

    SEMICOLON       reduce using rule 2 (expression -> expression PLUS expression .)
    PLUS            reduce using rule 2 (expression -> expression PLUS expression .)
    MINUS           reduce using rule 2 (expression -> expression PLUS expression .)
    TIMES           shift and go to state 10
    DIVIDE          shift and go to state 11

  ! TIMES           [ reduce using rule 2 (expression -> expression PLUS expression .) ]
  ! DIVIDE          [ reduce using rule 2 (expression -> expression PLUS expression .) ]
  ! PLUS            [ shift and go to state 8 ]
  ! MINUS           [ shift and go to state 9 ]


state 13

    (3) expression -> expression MINUS expression .
    (2) expression -> expression . PLUS expression
    (3) expression -> expression . MINUS expression
    (4) expression -> expression . TIMES expression
    (5) expression -> expression . DIVIDE expression

    SEMICOLON       reduce using rule 3 (expression -> expression MINUS expression .)
    PLUS            reduce using rule 3 (expression -> expression MINUS expression .)
    MINUS           reduce using rule 3 (expression -> expression MINUS expression .)
    TIMES           shift and go to state 10
    DIVIDE          shift and go to state 11

  ! TIMES           [ reduce using rule 3 (expression -> expression MINUS expression .) ]
  ! DIVIDE          [ reduce using rule 3 (expression -> expression MINUS expression .) ]
  ! PLUS            [ shift and go to state 8 ]
  ! MINUS           [ shift and go to state 9 ]


state 14

    (4) expression -> expression TIMES expression .
    (2) expression -> expression . PLUS expression
    (3) expression -> expression . MINUS expression
    (4) expression -> expression . TIMES expression
    (5) expression -> expression . DIVIDE expression

    SEMICOLON       reduce using rule 4 (expression -> expression TIMES expression .)
    PLUS            reduce using rule 4 (expression -> expression TIMES expression .)
    MINUS           reduce using rule 4 (expression -> expression TIMES expression .)
    TIMES           reduce using rule 4 (expression -> expression TIMES expression .)
    DIVIDE          reduce using rule 4 (expression -> expression TIMES expression .)

  ! PLUS            [ shift and go to state 8 ]
  ! MINUS           [ shift and go to state 9 ]
  ! TIMES           [ shift and go to state 10 ]
  ! DIVIDE          [ shift and go to state 11 ]


state 15

    (5) expression -> expression DIVIDE expression .
    (2) expression -> expression . PLUS expression
    (3) expression -> expression . MINUS expression
    (4) expression -> expression . TIMES expression
    (5) expression -> expression . DIVIDE expression

    SEMICOLON       reduce using rule 5 (expression -> expression DIVIDE expression .)
    PLUS            reduce using rule 5 (expression -> expression DIVIDE expression .)
    MINUS           reduce using rule 5 (expression -> expression DIVIDE expression .)
    TIMES           reduce using rule 5 (expression -> expression DIVIDE expression .)
    DIVIDE          reduce using rule 5 (expression -> expression DIVIDE expression .)

  ! PLUS            [ shift and go to state 8 ]
  ! MINUS           [ shift and go to state 9 ]
  ! TIMES           [ shift and go to state 10 ]
  ! DIVIDE          [ shift and go to state 11 ]

